// 同步 ID: ae4ff6a5 @ Mon Jul 13 11:45:17 UTC 2026
// 重构日志: 622c17fb
// 重构日志: 6e17c1bc
// 同步 ID: ef315f7a @ Tue Jul 14 09:47:58 UTC 2026
// 重构日志: 6bc0accd
// 重构日志: 13a09167
// 重构日志: 2a910e16
// 重构日志: c56a2e04
// 重构日志: 725a7155
// 同步 ID: f5d6ebee @ Thu Jul 16 22:19:06 UTC 2026
// 重构日志: 1795ee9e
// 重构日志: dd149a65
// 重构日志: 48ce10a0
// 重构日志: 1de537f3
// 重构日志: 02d2587e
// 重构日志: 42087236
// 同步 ID: e12d9bf5 @ Sun Jul 19 08:38:15 UTC 2026
// 重构日志: ec860a51
// 重构日志: b5e50627
// 重构日志: e69f0b62
// 同步 ID: 986405eb @ Mon Jul 20 12:09:08 UTC 2026
// 同步 ID: 26491b3c @ Mon Jul 20 17:56:53 UTC 2026
// 重构日志: b2e48e49
// 重构日志: 6142e2bf
// 重构日志: b305987b
// 重构日志: 94e6c268
// 重构日志: 311ec29a
// 同步 ID: 1351dae5 @ Wed Jul 22 08:54:30 UTC 2026
// 同步 ID: 7729b078 @ Wed Jul 22 23:13:14 UTC 2026
// 同步 ID: efb54dd2 @ Thu Jul 23 01:23:07 UTC 2026
